2017-05-18 00:14:19 trace :
------------
String:
<xml><ToUserName><![CDATA[gh_82eadac870c2]]></ToUserName>
<FromUserName><![CDATA[oxPoUwlriY2Z3PueZjt5WhMKOBzA]]></FromUserName>
<CreateTime>1495037658</CreateTime>
<MsgType><![CDATA[event]]></MsgType>
<Event><![CDATA[VIEW]]></Event>
<EventKey><![CDATA[http://rrshop.3snack.com/app/index.php?i=3&c=entry&m=ewei_shopv2&do=mobile]]></EventKey>
<MenuId>430846956</MenuId>
</xml>

2017-05-18 00:14:19 params :
------------
String:
array (
  'rule' => -2,
  'module' => '',
  'message' => 
  array (
    'tousername' => 'gh_82eadac870c2',
    'fromusername' => 'oxPoUwlriY2Z3PueZjt5WhMKOBzA',
    'createtime' => '1495037658',
    'msgtype' => 'event',
    'event' => 'VIEW',
    'eventkey' => 'http://rrshop.3snack.com/app/index.php?i=3&c=entry&m=ewei_shopv2&do=mobile',
    'menuid' => '430846956',
    'from' => 'oxPoUwlriY2Z3PueZjt5WhMKOBzA',
    'to' => 'gh_82eadac870c2',
    'time' => '1495037658',
    'type' => 'text',
    'content' => 'http://rrshop.3snack.com/app/index.php?i=3&c=entry&m=ewei_shopv2&do=mobile',
    'redirection' => true,
    'source' => 'VIEW',
  ),
)

2017-05-18 00:14:19 response :
------------

2017-05-18 00:17:23 trace :
------------
String:
<xml><ToUserName><![CDATA[gh_82eadac870c2]]></ToUserName>
<FromUserName><![CDATA[oxPoUwlriY2Z3PueZjt5WhMKOBzA]]></FromUserName>
<CreateTime>1495037843</CreateTime>
<MsgType><![CDATA[event]]></MsgType>
<Event><![CDATA[VIEW]]></Event>
<EventKey><![CDATA[http://rrshop.3snack.com/app/index.php?i=3&c=entry&m=ewei_shopv2&do=mobile]]></EventKey>
<MenuId>430846956</MenuId>
</xml>

2017-05-18 00:17:23 params :
------------
String:
array (
  'rule' => -2,
  'module' => '',
  'message' => 
  array (
    'tousername' => 'gh_82eadac870c2',
    'fromusername' => 'oxPoUwlriY2Z3PueZjt5WhMKOBzA',
    'createtime' => '1495037843',
    'msgtype' => 'event',
    'event' => 'VIEW',
    'eventkey' => 'http://rrshop.3snack.com/app/index.php?i=3&c=entry&m=ewei_shopv2&do=mobile',
    'menuid' => '430846956',
    'from' => 'oxPoUwlriY2Z3PueZjt5WhMKOBzA',
    'to' => 'gh_82eadac870c2',
    'time' => '1495037843',
    'type' => 'text',
    'content' => 'http://rrshop.3snack.com/app/index.php?i=3&c=entry&m=ewei_shopv2&do=mobile',
    'redirection' => true,
    'source' => 'VIEW',
  ),
)

2017-05-18 00:17:23 response :
------------

2017-05-18 07:52:58 trace :
------------
String:
<xml><ToUserName><![CDATA[gh_82eadac870c2]]></ToUserName>
<FromUserName><![CDATA[oxPoUwlriY2Z3PueZjt5WhMKOBzA]]></FromUserName>
<CreateTime>1495065177</CreateTime>
<MsgType><![CDATA[event]]></MsgType>
<Event><![CDATA[VIEW]]></Event>
<EventKey><![CDATA[http://rrshop.3snack.com/app/index.php?i=3&c=entry&m=ewei_shopv2&do=mobile]]></EventKey>
<MenuId>430846956</MenuId>
</xml>

2017-05-18 07:52:58 params :
------------
String:
array (
  'rule' => -2,
  'module' => '',
  'message' => 
  array (
    'tousername' => 'gh_82eadac870c2',
    'fromusername' => 'oxPoUwlriY2Z3PueZjt5WhMKOBzA',
    'createtime' => '1495065177',
    'msgtype' => 'event',
    'event' => 'VIEW',
    'eventkey' => 'http://rrshop.3snack.com/app/index.php?i=3&c=entry&m=ewei_shopv2&do=mobile',
    'menuid' => '430846956',
    'from' => 'oxPoUwlriY2Z3PueZjt5WhMKOBzA',
    'to' => 'gh_82eadac870c2',
    'time' => '1495065177',
    'type' => 'text',
    'content' => 'http://rrshop.3snack.com/app/index.php?i=3&c=entry&m=ewei_shopv2&do=mobile',
    'redirection' => true,
    'source' => 'VIEW',
  ),
)

2017-05-18 07:52:58 response :
------------

2017-05-18 09:24:56 trace :
------------
String:
<xml><ToUserName><![CDATA[gh_82eadac870c2]]></ToUserName>
<FromUserName><![CDATA[oxPoUwlriY2Z3PueZjt5WhMKOBzA]]></FromUserName>
<CreateTime>1495070695</CreateTime>
<MsgType><![CDATA[event]]></MsgType>
<Event><![CDATA[VIEW]]></Event>
<EventKey><![CDATA[http://rrshop.3snack.com/app/index.php?i=3&c=entry&m=ewei_shopv2&do=mobile]]></EventKey>
<MenuId>430846956</MenuId>
</xml>

2017-05-18 09:24:56 params :
------------
String:
array (
  'rule' => -2,
  'module' => '',
  'message' => 
  array (
    'tousername' => 'gh_82eadac870c2',
    'fromusername' => 'oxPoUwlriY2Z3PueZjt5WhMKOBzA',
    'createtime' => '1495070695',
    'msgtype' => 'event',
    'event' => 'VIEW',
    'eventkey' => 'http://rrshop.3snack.com/app/index.php?i=3&c=entry&m=ewei_shopv2&do=mobile',
    'menuid' => '430846956',
    'from' => 'oxPoUwlriY2Z3PueZjt5WhMKOBzA',
    'to' => 'gh_82eadac870c2',
    'time' => '1495070695',
    'type' => 'text',
    'content' => 'http://rrshop.3snack.com/app/index.php?i=3&c=entry&m=ewei_shopv2&do=mobile',
    'redirection' => true,
    'source' => 'VIEW',
  ),
)

2017-05-18 09:24:56 response :
------------

2017-05-18 09:25:07 trace :
------------
String:
<xml><ToUserName><![CDATA[gh_82eadac870c2]]></ToUserName>
<FromUserName><![CDATA[oxPoUwlriY2Z3PueZjt5WhMKOBzA]]></FromUserName>
<CreateTime>1495070707</CreateTime>
<MsgType><![CDATA[event]]></MsgType>
<Event><![CDATA[VIEW]]></Event>
<EventKey><![CDATA[http://rrshop.3snack.com/app/index.php?i=3&c=entry&m=ewei_shopv2&do=mobile&r=commission]]></EventKey>
<MenuId>430846956</MenuId>
</xml>

2017-05-18 09:25:07 params :
------------
String:
array (
  'rule' => -2,
  'module' => '',
  'message' => 
  array (
    'tousername' => 'gh_82eadac870c2',
    'fromusername' => 'oxPoUwlriY2Z3PueZjt5WhMKOBzA',
    'createtime' => '1495070707',
    'msgtype' => 'event',
    'event' => 'VIEW',
    'eventkey' => 'http://rrshop.3snack.com/app/index.php?i=3&c=entry&m=ewei_shopv2&do=mobile&r=commission',
    'menuid' => '430846956',
    'from' => 'oxPoUwlriY2Z3PueZjt5WhMKOBzA',
    'to' => 'gh_82eadac870c2',
    'time' => '1495070707',
    'type' => 'text',
    'content' => 'http://rrshop.3snack.com/app/index.php?i=3&c=entry&m=ewei_shopv2&do=mobile&r=commission',
    'redirection' => true,
    'source' => 'VIEW',
  ),
)

2017-05-18 09:25:07 response :
------------

2017-05-18 09:56:46 trace :
------------
String:
<xml><ToUserName><![CDATA[gh_82eadac870c2]]></ToUserName>
<FromUserName><![CDATA[oxPoUwlriY2Z3PueZjt5WhMKOBzA]]></FromUserName>
<CreateTime>1495072606</CreateTime>
<MsgType><![CDATA[event]]></MsgType>
<Event><![CDATA[VIEW]]></Event>
<EventKey><![CDATA[http://rrshop.3snack.com/app/index.php?i=3&c=entry&m=ewei_shopv2&do=mobile]]></EventKey>
<MenuId>430846956</MenuId>
</xml>

2017-05-18 09:56:46 params :
------------
String:
array (
  'rule' => -2,
  'module' => '',
  'message' => 
  array (
    'tousername' => 'gh_82eadac870c2',
    'fromusername' => 'oxPoUwlriY2Z3PueZjt5WhMKOBzA',
    'createtime' => '1495072606',
    'msgtype' => 'event',
    'event' => 'VIEW',
    'eventkey' => 'http://rrshop.3snack.com/app/index.php?i=3&c=entry&m=ewei_shopv2&do=mobile',
    'menuid' => '430846956',
    'from' => 'oxPoUwlriY2Z3PueZjt5WhMKOBzA',
    'to' => 'gh_82eadac870c2',
    'time' => '1495072606',
    'type' => 'text',
    'content' => 'http://rrshop.3snack.com/app/index.php?i=3&c=entry&m=ewei_shopv2&do=mobile',
    'redirection' => true,
    'source' => 'VIEW',
  ),
)

2017-05-18 09:56:46 response :
------------

2017-05-18 10:06:59 trace :
------------
String:
<xml><ToUserName><![CDATA[gh_82eadac870c2]]></ToUserName>
<FromUserName><![CDATA[oxPoUwlriY2Z3PueZjt5WhMKOBzA]]></FromUserName>
<CreateTime>1495073219</CreateTime>
<MsgType><![CDATA[event]]></MsgType>
<Event><![CDATA[VIEW]]></Event>
<EventKey><![CDATA[http://rrshop.3snack.com/app/index.php?i=3&c=entry&m=ewei_shopv2&do=mobile&r=commission]]></EventKey>
<MenuId>430846956</MenuId>
</xml>

2017-05-18 10:06:59 params :
------------
String:
array (
  'rule' => -2,
  'module' => '',
  'message' => 
  array (
    'tousername' => 'gh_82eadac870c2',
    'fromusername' => 'oxPoUwlriY2Z3PueZjt5WhMKOBzA',
    'createtime' => '1495073219',
    'msgtype' => 'event',
    'event' => 'VIEW',
    'eventkey' => 'http://rrshop.3snack.com/app/index.php?i=3&c=entry&m=ewei_shopv2&do=mobile&r=commission',
    'menuid' => '430846956',
    'from' => 'oxPoUwlriY2Z3PueZjt5WhMKOBzA',
    'to' => 'gh_82eadac870c2',
    'time' => '1495073219',
    'type' => 'text',
    'content' => 'http://rrshop.3snack.com/app/index.php?i=3&c=entry&m=ewei_shopv2&do=mobile&r=commission',
    'redirection' => true,
    'source' => 'VIEW',
  ),
)

2017-05-18 10:06:59 response :
------------

2017-05-18 10:08:12 trace :
------------
String:
<xml><ToUserName><![CDATA[gh_82eadac870c2]]></ToUserName>
<FromUserName><![CDATA[oxPoUwuMTNKu9WARtYJ6sV11hhdY]]></FromUserName>
<CreateTime>1495073292</CreateTime>
<MsgType><![CDATA[event]]></MsgType>
<Event><![CDATA[unsubscribe]]></Event>
<EventKey><![CDATA[]]></EventKey>
</xml>

2017-05-18 10:08:39 trace :
------------
String:
<xml><ToUserName><![CDATA[gh_82eadac870c2]]></ToUserName>
<FromUserName><![CDATA[oxPoUwuMTNKu9WARtYJ6sV11hhdY]]></FromUserName>
<CreateTime>1495073319</CreateTime>
<MsgType><![CDATA[event]]></MsgType>
<Event><![CDATA[subscribe]]></Event>
<EventKey><![CDATA[]]></EventKey>
</xml>

2017-05-18 10:08:39 params :
------------
String:
array (
  'rule' => -2,
  'module' => '',
  'message' => 
  array (
    'tousername' => 'gh_82eadac870c2',
    'fromusername' => 'oxPoUwuMTNKu9WARtYJ6sV11hhdY',
    'createtime' => '1495073319',
    'msgtype' => 'event',
    'event' => 'subscribe',
    'eventkey' => '',
    'from' => 'oxPoUwuMTNKu9WARtYJ6sV11hhdY',
    'to' => 'gh_82eadac870c2',
    'time' => '1495073319',
    'type' => 'text',
    'redirection' => true,
    'source' => 'subscribe',
  ),
)

2017-05-18 10:08:39 response :
------------

2017-05-18 10:08:44 trace :
------------
String:
<xml><ToUserName><![CDATA[gh_82eadac870c2]]></ToUserName>
<FromUserName><![CDATA[oxPoUwuMTNKu9WARtYJ6sV11hhdY]]></FromUserName>
<CreateTime>1495073324</CreateTime>
<MsgType><![CDATA[event]]></MsgType>
<Event><![CDATA[VIEW]]></Event>
<EventKey><![CDATA[http://rrshop.3snack.com/app/index.php?i=3&c=entry&m=ewei_shopv2&do=mobile&r=commission]]></EventKey>
<MenuId>430846956</MenuId>
</xml>

2017-05-18 10:08:44 params :
------------
String:
array (
  'rule' => -2,
  'module' => '',
  'message' => 
  array (
    'tousername' => 'gh_82eadac870c2',
    'fromusername' => 'oxPoUwuMTNKu9WARtYJ6sV11hhdY',
    'createtime' => '1495073324',
    'msgtype' => 'event',
    'event' => 'VIEW',
    'eventkey' => 'http://rrshop.3snack.com/app/index.php?i=3&c=entry&m=ewei_shopv2&do=mobile&r=commission',
    'menuid' => '430846956',
    'from' => 'oxPoUwuMTNKu9WARtYJ6sV11hhdY',
    'to' => 'gh_82eadac870c2',
    'time' => '1495073324',
    'type' => 'text',
    'content' => 'http://rrshop.3snack.com/app/index.php?i=3&c=entry&m=ewei_shopv2&do=mobile&r=commission',
    'redirection' => true,
    'source' => 'VIEW',
  ),
)

2017-05-18 10:08:44 response :
------------

2017-05-18 10:10:53 trace :
------------
String:
<xml><ToUserName><![CDATA[gh_82eadac870c2]]></ToUserName>
<FromUserName><![CDATA[oxPoUwlriY2Z3PueZjt5WhMKOBzA]]></FromUserName>
<CreateTime>1495073453</CreateTime>
<MsgType><![CDATA[event]]></MsgType>
<Event><![CDATA[VIEW]]></Event>
<EventKey><![CDATA[http://rrshop.3snack.com/app/index.php?i=3&c=entry&m=ewei_shopv2&do=mobile&r=commission]]></EventKey>
<MenuId>430846956</MenuId>
</xml>

2017-05-18 10:10:53 params :
------------
String:
array (
  'rule' => -2,
  'module' => '',
  'message' => 
  array (
    'tousername' => 'gh_82eadac870c2',
    'fromusername' => 'oxPoUwlriY2Z3PueZjt5WhMKOBzA',
    'createtime' => '1495073453',
    'msgtype' => 'event',
    'event' => 'VIEW',
    'eventkey' => 'http://rrshop.3snack.com/app/index.php?i=3&c=entry&m=ewei_shopv2&do=mobile&r=commission',
    'menuid' => '430846956',
    'from' => 'oxPoUwlriY2Z3PueZjt5WhMKOBzA',
    'to' => 'gh_82eadac870c2',
    'time' => '1495073453',
    'type' => 'text',
    'content' => 'http://rrshop.3snack.com/app/index.php?i=3&c=entry&m=ewei_shopv2&do=mobile&r=commission',
    'redirection' => true,
    'source' => 'VIEW',
  ),
)

2017-05-18 10:10:53 response :
------------

2017-05-18 10:13:40 trace :
------------
String:
<xml><ToUserName><![CDATA[gh_82eadac870c2]]></ToUserName>
<FromUserName><![CDATA[oxPoUwuMTNKu9WARtYJ6sV11hhdY]]></FromUserName>
<CreateTime>1495073620</CreateTime>
<MsgType><![CDATA[event]]></MsgType>
<Event><![CDATA[VIEW]]></Event>
<EventKey><![CDATA[http://rrshop.3snack.com/app/index.php?i=3&c=entry&m=ewei_shopv2&do=mobile&r=commission]]></EventKey>
<MenuId>430846956</MenuId>
</xml>

2017-05-18 10:13:40 params :
------------
String:
array (
  'rule' => -2,
  'module' => '',
  'message' => 
  array (
    'tousername' => 'gh_82eadac870c2',
    'fromusername' => 'oxPoUwuMTNKu9WARtYJ6sV11hhdY',
    'createtime' => '1495073620',
    'msgtype' => 'event',
    'event' => 'VIEW',
    'eventkey' => 'http://rrshop.3snack.com/app/index.php?i=3&c=entry&m=ewei_shopv2&do=mobile&r=commission',
    'menuid' => '430846956',
    'from' => 'oxPoUwuMTNKu9WARtYJ6sV11hhdY',
    'to' => 'gh_82eadac870c2',
    'time' => '1495073620',
    'type' => 'text',
    'content' => 'http://rrshop.3snack.com/app/index.php?i=3&c=entry&m=ewei_shopv2&do=mobile&r=commission',
    'redirection' => true,
    'source' => 'VIEW',
  ),
)

2017-05-18 10:13:40 response :
------------

2017-05-18 10:14:56 trace :
------------
String:
<xml><ToUserName><![CDATA[gh_82eadac870c2]]></ToUserName>
<FromUserName><![CDATA[oxPoUwuMTNKu9WARtYJ6sV11hhdY]]></FromUserName>
<CreateTime>1495073696</CreateTime>
<MsgType><![CDATA[text]]></MsgType>
<Content><![CDATA[111]]></Content>
<MsgId>6421292629860704377</MsgId>
</xml>

2017-05-18 10:14:56 params :
------------
String:
array (
  'rule' => -2,
  'module' => '',
  'message' => 
  array (
    'tousername' => 'gh_82eadac870c2',
    'fromusername' => 'oxPoUwuMTNKu9WARtYJ6sV11hhdY',
    'createtime' => '1495073696',
    'msgtype' => 'text',
    'content' => '111',
    'msgid' => '6421292629860704377',
    'from' => 'oxPoUwuMTNKu9WARtYJ6sV11hhdY',
    'to' => 'gh_82eadac870c2',
    'time' => '1495073696',
    'type' => 'text',
    'event' => NULL,
    'redirection' => false,
    'source' => NULL,
  ),
)

2017-05-18 10:14:56 response :
------------

2017-05-18 10:15:06 trace :
------------
String:
<xml><ToUserName><![CDATA[gh_82eadac870c2]]></ToUserName>
<FromUserName><![CDATA[oxPoUwuMTNKu9WARtYJ6sV11hhdY]]></FromUserName>
<CreateTime>1495073706</CreateTime>
<MsgType><![CDATA[event]]></MsgType>
<Event><![CDATA[unsubscribe]]></Event>
<EventKey><![CDATA[]]></EventKey>
</xml>

2017-05-18 10:15:48 trace :
------------
String:
<xml><ToUserName><![CDATA[gh_82eadac870c2]]></ToUserName>
<FromUserName><![CDATA[oxPoUwuMTNKu9WARtYJ6sV11hhdY]]></FromUserName>
<CreateTime>1495073748</CreateTime>
<MsgType><![CDATA[event]]></MsgType>
<Event><![CDATA[subscribe]]></Event>
<EventKey><![CDATA[]]></EventKey>
</xml>

2017-05-18 10:15:48 params :
------------
String:
array (
  'rule' => -2,
  'module' => '',
  'message' => 
  array (
    'tousername' => 'gh_82eadac870c2',
    'fromusername' => 'oxPoUwuMTNKu9WARtYJ6sV11hhdY',
    'createtime' => '1495073748',
    'msgtype' => 'event',
    'event' => 'subscribe',
    'eventkey' => '',
    'from' => 'oxPoUwuMTNKu9WARtYJ6sV11hhdY',
    'to' => 'gh_82eadac870c2',
    'time' => '1495073748',
    'type' => 'text',
    'redirection' => true,
    'source' => 'subscribe',
  ),
)

2017-05-18 10:15:48 response :
------------

2017-05-18 10:15:53 trace :
------------
String:
<xml><ToUserName><![CDATA[gh_82eadac870c2]]></ToUserName>
<FromUserName><![CDATA[oxPoUwuMTNKu9WARtYJ6sV11hhdY]]></FromUserName>
<CreateTime>1495073753</CreateTime>
<MsgType><![CDATA[event]]></MsgType>
<Event><![CDATA[VIEW]]></Event>
<EventKey><![CDATA[http://rrshop.3snack.com/app/index.php?i=3&c=entry&m=ewei_shopv2&do=mobile&r=commission]]></EventKey>
<MenuId>430846956</MenuId>
</xml>

2017-05-18 10:15:53 params :
------------
String:
array (
  'rule' => -2,
  'module' => '',
  'message' => 
  array (
    'tousername' => 'gh_82eadac870c2',
    'fromusername' => 'oxPoUwuMTNKu9WARtYJ6sV11hhdY',
    'createtime' => '1495073753',
    'msgtype' => 'event',
    'event' => 'VIEW',
    'eventkey' => 'http://rrshop.3snack.com/app/index.php?i=3&c=entry&m=ewei_shopv2&do=mobile&r=commission',
    'menuid' => '430846956',
    'from' => 'oxPoUwuMTNKu9WARtYJ6sV11hhdY',
    'to' => 'gh_82eadac870c2',
    'time' => '1495073753',
    'type' => 'text',
    'content' => 'http://rrshop.3snack.com/app/index.php?i=3&c=entry&m=ewei_shopv2&do=mobile&r=commission',
    'redirection' => true,
    'source' => 'VIEW',
  ),
)

2017-05-18 10:15:53 response :
------------

2017-05-18 10:21:18 trace :
------------
String:
<xml><ToUserName><![CDATA[gh_82eadac870c2]]></ToUserName>
<FromUserName><![CDATA[oxPoUwlriY2Z3PueZjt5WhMKOBzA]]></FromUserName>
<CreateTime>1495074078</CreateTime>
<MsgType><![CDATA[event]]></MsgType>
<Event><![CDATA[VIEW]]></Event>
<EventKey><![CDATA[http://rrshop.3snack.com/app/index.php?i=3&c=entry&m=ewei_shopv2&do=mobile]]></EventKey>
<MenuId>430846956</MenuId>
</xml>

2017-05-18 10:21:18 params :
------------
String:
array (
  'rule' => -2,
  'module' => '',
  'message' => 
  array (
    'tousername' => 'gh_82eadac870c2',
    'fromusername' => 'oxPoUwlriY2Z3PueZjt5WhMKOBzA',
    'createtime' => '1495074078',
    'msgtype' => 'event',
    'event' => 'VIEW',
    'eventkey' => 'http://rrshop.3snack.com/app/index.php?i=3&c=entry&m=ewei_shopv2&do=mobile',
    'menuid' => '430846956',
    'from' => 'oxPoUwlriY2Z3PueZjt5WhMKOBzA',
    'to' => 'gh_82eadac870c2',
    'time' => '1495074078',
    'type' => 'text',
    'content' => 'http://rrshop.3snack.com/app/index.php?i=3&c=entry&m=ewei_shopv2&do=mobile',
    'redirection' => true,
    'source' => 'VIEW',
  ),
)

2017-05-18 10:21:18 response :
------------

2017-05-18 10:23:19 trace :
------------
String:
<xml><ToUserName><![CDATA[gh_82eadac870c2]]></ToUserName>
<FromUserName><![CDATA[oxPoUwp8fztMnqibaWer2Fg_3SBQ]]></FromUserName>
<CreateTime>1495074199</CreateTime>
<MsgType><![CDATA[event]]></MsgType>
<Event><![CDATA[subscribe]]></Event>
<EventKey><![CDATA[]]></EventKey>
</xml>

2017-05-18 10:23:19 params :
------------
String:
array (
  'rule' => -2,
  'module' => '',
  'message' => 
  array (
    'tousername' => 'gh_82eadac870c2',
    'fromusername' => 'oxPoUwp8fztMnqibaWer2Fg_3SBQ',
    'createtime' => '1495074199',
    'msgtype' => 'event',
    'event' => 'subscribe',
    'eventkey' => '',
    'from' => 'oxPoUwp8fztMnqibaWer2Fg_3SBQ',
    'to' => 'gh_82eadac870c2',
    'time' => '1495074199',
    'type' => 'text',
    'redirection' => true,
    'source' => 'subscribe',
  ),
)

2017-05-18 10:23:19 response :
------------

2017-05-18 10:23:22 trace :
------------
String:
<xml><ToUserName><![CDATA[gh_82eadac870c2]]></ToUserName>
<FromUserName><![CDATA[oxPoUwp8fztMnqibaWer2Fg_3SBQ]]></FromUserName>
<CreateTime>1495074202</CreateTime>
<MsgType><![CDATA[event]]></MsgType>
<Event><![CDATA[VIEW]]></Event>
<EventKey><![CDATA[http://rrshop.3snack.com/app/index.php?i=3&c=entry&m=ewei_shopv2&do=mobile&r=commission]]></EventKey>
<MenuId>430846956</MenuId>
</xml>

2017-05-18 10:23:22 params :
------------
String:
array (
  'rule' => -2,
  'module' => '',
  'message' => 
  array (
    'tousername' => 'gh_82eadac870c2',
    'fromusername' => 'oxPoUwp8fztMnqibaWer2Fg_3SBQ',
    'createtime' => '1495074202',
    'msgtype' => 'event',
    'event' => 'VIEW',
    'eventkey' => 'http://rrshop.3snack.com/app/index.php?i=3&c=entry&m=ewei_shopv2&do=mobile&r=commission',
    'menuid' => '430846956',
    'from' => 'oxPoUwp8fztMnqibaWer2Fg_3SBQ',
    'to' => 'gh_82eadac870c2',
    'time' => '1495074202',
    'type' => 'text',
    'content' => 'http://rrshop.3snack.com/app/index.php?i=3&c=entry&m=ewei_shopv2&do=mobile&r=commission',
    'redirection' => true,
    'source' => 'VIEW',
  ),
)

2017-05-18 10:23:22 response :
------------

2017-05-18 10:24:12 trace :
------------
String:
<xml><ToUserName><![CDATA[gh_82eadac870c2]]></ToUserName>
<FromUserName><![CDATA[oxPoUwlriY2Z3PueZjt5WhMKOBzA]]></FromUserName>
<CreateTime>1495074252</CreateTime>
<MsgType><![CDATA[event]]></MsgType>
<Event><![CDATA[VIEW]]></Event>
<EventKey><![CDATA[http://rrshop.3snack.com/app/index.php?i=3&c=entry&m=ewei_shopv2&do=mobile&r=commission]]></EventKey>
<MenuId>430846956</MenuId>
</xml>

2017-05-18 10:24:12 params :
------------
String:
array (
  'rule' => -2,
  'module' => '',
  'message' => 
  array (
    'tousername' => 'gh_82eadac870c2',
    'fromusername' => 'oxPoUwlriY2Z3PueZjt5WhMKOBzA',
    'createtime' => '1495074252',
    'msgtype' => 'event',
    'event' => 'VIEW',
    'eventkey' => 'http://rrshop.3snack.com/app/index.php?i=3&c=entry&m=ewei_shopv2&do=mobile&r=commission',
    'menuid' => '430846956',
    'from' => 'oxPoUwlriY2Z3PueZjt5WhMKOBzA',
    'to' => 'gh_82eadac870c2',
    'time' => '1495074252',
    'type' => 'text',
    'content' => 'http://rrshop.3snack.com/app/index.php?i=3&c=entry&m=ewei_shopv2&do=mobile&r=commission',
    'redirection' => true,
    'source' => 'VIEW',
  ),
)

2017-05-18 10:24:12 response :
------------

2017-05-18 10:26:30 trace :
------------
String:
<xml><ToUserName><![CDATA[gh_82eadac870c2]]></ToUserName>
<FromUserName><![CDATA[oxPoUwlriY2Z3PueZjt5WhMKOBzA]]></FromUserName>
<CreateTime>1495074390</CreateTime>
<MsgType><![CDATA[event]]></MsgType>
<Event><![CDATA[VIEW]]></Event>
<EventKey><![CDATA[http://rrshop.3snack.com/app/index.php?i=3&c=entry&m=ewei_shopv2&do=mobile&r=commission]]></EventKey>
<MenuId>430846956</MenuId>
</xml>

2017-05-18 10:26:30 params :
------------
String:
array (
  'rule' => -2,
  'module' => '',
  'message' => 
  array (
    'tousername' => 'gh_82eadac870c2',
    'fromusername' => 'oxPoUwlriY2Z3PueZjt5WhMKOBzA',
    'createtime' => '1495074390',
    'msgtype' => 'event',
    'event' => 'VIEW',
    'eventkey' => 'http://rrshop.3snack.com/app/index.php?i=3&c=entry&m=ewei_shopv2&do=mobile&r=commission',
    'menuid' => '430846956',
    'from' => 'oxPoUwlriY2Z3PueZjt5WhMKOBzA',
    'to' => 'gh_82eadac870c2',
    'time' => '1495074390',
    'type' => 'text',
    'content' => 'http://rrshop.3snack.com/app/index.php?i=3&c=entry&m=ewei_shopv2&do=mobile&r=commission',
    'redirection' => true,
    'source' => 'VIEW',
  ),
)

2017-05-18 10:26:30 response :
------------

2017-05-18 10:30:00 trace :
------------
String:
<xml><ToUserName><![CDATA[gh_82eadac870c2]]></ToUserName>
<FromUserName><![CDATA[oxPoUwp8fztMnqibaWer2Fg_3SBQ]]></FromUserName>
<CreateTime>1495074600</CreateTime>
<MsgType><![CDATA[event]]></MsgType>
<Event><![CDATA[VIEW]]></Event>
<EventKey><![CDATA[http://rrshop.3snack.com/app/index.php?i=3&c=entry&m=ewei_shopv2&do=mobile&r=commission]]></EventKey>
<MenuId>430846956</MenuId>
</xml>

2017-05-18 10:30:00 params :
------------
String:
array (
  'rule' => -2,
  'module' => '',
  'message' => 
  array (
    'tousername' => 'gh_82eadac870c2',
    'fromusername' => 'oxPoUwp8fztMnqibaWer2Fg_3SBQ',
    'createtime' => '1495074600',
    'msgtype' => 'event',
    'event' => 'VIEW',
    'eventkey' => 'http://rrshop.3snack.com/app/index.php?i=3&c=entry&m=ewei_shopv2&do=mobile&r=commission',
    'menuid' => '430846956',
    'from' => 'oxPoUwp8fztMnqibaWer2Fg_3SBQ',
    'to' => 'gh_82eadac870c2',
    'time' => '1495074600',
    'type' => 'text',
    'content' => 'http://rrshop.3snack.com/app/index.php?i=3&c=entry&m=ewei_shopv2&do=mobile&r=commission',
    'redirection' => true,
    'source' => 'VIEW',
  ),
)

2017-05-18 10:30:00 response :
------------

2017-05-18 10:30:45 trace :
------------
String:
<xml><ToUserName><![CDATA[gh_82eadac870c2]]></ToUserName>
<FromUserName><![CDATA[oxPoUwp8fztMnqibaWer2Fg_3SBQ]]></FromUserName>
<CreateTime>1495074645</CreateTime>
<MsgType><![CDATA[event]]></MsgType>
<Event><![CDATA[unsubscribe]]></Event>
<EventKey><![CDATA[]]></EventKey>
</xml>

2017-05-18 10:30:49 trace :
------------
String:
<xml><ToUserName><![CDATA[gh_82eadac870c2]]></ToUserName>
<FromUserName><![CDATA[oxPoUwp8fztMnqibaWer2Fg_3SBQ]]></FromUserName>
<CreateTime>1495074648</CreateTime>
<MsgType><![CDATA[event]]></MsgType>
<Event><![CDATA[subscribe]]></Event>
<EventKey><![CDATA[]]></EventKey>
</xml>

2017-05-18 10:30:49 params :
------------
String:
array (
  'rule' => -2,
  'module' => '',
  'message' => 
  array (
    'tousername' => 'gh_82eadac870c2',
    'fromusername' => 'oxPoUwp8fztMnqibaWer2Fg_3SBQ',
    'createtime' => '1495074648',
    'msgtype' => 'event',
    'event' => 'subscribe',
    'eventkey' => '',
    'from' => 'oxPoUwp8fztMnqibaWer2Fg_3SBQ',
    'to' => 'gh_82eadac870c2',
    'time' => '1495074648',
    'type' => 'text',
    'redirection' => true,
    'source' => 'subscribe',
  ),
)

2017-05-18 10:30:49 response :
------------

2017-05-18 10:30:52 trace :
------------
String:
<xml><ToUserName><![CDATA[gh_82eadac870c2]]></ToUserName>
<FromUserName><![CDATA[oxPoUwp8fztMnqibaWer2Fg_3SBQ]]></FromUserName>
<CreateTime>1495074652</CreateTime>
<MsgType><![CDATA[event]]></MsgType>
<Event><![CDATA[VIEW]]></Event>
<EventKey><![CDATA[http://rrshop.3snack.com/app/index.php?i=3&c=entry&m=ewei_shopv2&do=mobile]]></EventKey>
<MenuId>430846956</MenuId>
</xml>

2017-05-18 10:30:52 params :
------------
String:
array (
  'rule' => -2,
  'module' => '',
  'message' => 
  array (
    'tousername' => 'gh_82eadac870c2',
    'fromusername' => 'oxPoUwp8fztMnqibaWer2Fg_3SBQ',
    'createtime' => '1495074652',
    'msgtype' => 'event',
    'event' => 'VIEW',
    'eventkey' => 'http://rrshop.3snack.com/app/index.php?i=3&c=entry&m=ewei_shopv2&do=mobile',
    'menuid' => '430846956',
    'from' => 'oxPoUwp8fztMnqibaWer2Fg_3SBQ',
    'to' => 'gh_82eadac870c2',
    'time' => '1495074652',
    'type' => 'text',
    'content' => 'http://rrshop.3snack.com/app/index.php?i=3&c=entry&m=ewei_shopv2&do=mobile',
    'redirection' => true,
    'source' => 'VIEW',
  ),
)

2017-05-18 10:30:52 response :
------------

2017-05-18 10:30:56 trace :
------------
String:
<xml><ToUserName><![CDATA[gh_82eadac870c2]]></ToUserName>
<FromUserName><![CDATA[oxPoUwp8fztMnqibaWer2Fg_3SBQ]]></FromUserName>
<CreateTime>1495074656</CreateTime>
<MsgType><![CDATA[event]]></MsgType>
<Event><![CDATA[VIEW]]></Event>
<EventKey><![CDATA[http://rrshop.3snack.com/app/index.php?i=3&c=entry&m=ewei_shopv2&do=mobile&r=commission]]></EventKey>
<MenuId>430846956</MenuId>
</xml>

2017-05-18 10:30:56 params :
------------
String:
array (
  'rule' => -2,
  'module' => '',
  'message' => 
  array (
    'tousername' => 'gh_82eadac870c2',
    'fromusername' => 'oxPoUwp8fztMnqibaWer2Fg_3SBQ',
    'createtime' => '1495074656',
    'msgtype' => 'event',
    'event' => 'VIEW',
    'eventkey' => 'http://rrshop.3snack.com/app/index.php?i=3&c=entry&m=ewei_shopv2&do=mobile&r=commission',
    'menuid' => '430846956',
    'from' => 'oxPoUwp8fztMnqibaWer2Fg_3SBQ',
    'to' => 'gh_82eadac870c2',
    'time' => '1495074656',
    'type' => 'text',
    'content' => 'http://rrshop.3snack.com/app/index.php?i=3&c=entry&m=ewei_shopv2&do=mobile&r=commission',
    'redirection' => true,
    'source' => 'VIEW',
  ),
)

2017-05-18 10:30:56 response :
------------

2017-05-18 10:34:11 trace :
------------
String:
<xml><ToUserName><![CDATA[gh_82eadac870c2]]></ToUserName>
<FromUserName><![CDATA[oxPoUwsnB8fhXN5DwANhASQi15FY]]></FromUserName>
<CreateTime>1495074851</CreateTime>
<MsgType><![CDATA[event]]></MsgType>
<Event><![CDATA[VIEW]]></Event>
<EventKey><![CDATA[http://rrshop.3snack.com/app/index.php?i=3&c=entry&m=ewei_shopv2&do=mobile&r=commission]]></EventKey>
<MenuId>430846956</MenuId>
</xml>

2017-05-18 10:34:11 params :
------------
String:
array (
  'rule' => -2,
  'module' => '',
  'message' => 
  array (
    'tousername' => 'gh_82eadac870c2',
    'fromusername' => 'oxPoUwsnB8fhXN5DwANhASQi15FY',
    'createtime' => '1495074851',
    'msgtype' => 'event',
    'event' => 'VIEW',
    'eventkey' => 'http://rrshop.3snack.com/app/index.php?i=3&c=entry&m=ewei_shopv2&do=mobile&r=commission',
    'menuid' => '430846956',
    'from' => 'oxPoUwsnB8fhXN5DwANhASQi15FY',
    'to' => 'gh_82eadac870c2',
    'time' => '1495074851',
    'type' => 'text',
    'content' => 'http://rrshop.3snack.com/app/index.php?i=3&c=entry&m=ewei_shopv2&do=mobile&r=commission',
    'redirection' => true,
    'source' => 'VIEW',
  ),
)

2017-05-18 10:34:11 response :
------------

2017-05-18 10:36:24 trace :
------------
String:
<xml><ToUserName><![CDATA[gh_82eadac870c2]]></ToUserName>
<FromUserName><![CDATA[oxPoUwp8fztMnqibaWer2Fg_3SBQ]]></FromUserName>
<CreateTime>1495074984</CreateTime>
<MsgType><![CDATA[event]]></MsgType>
<Event><![CDATA[unsubscribe]]></Event>
<EventKey><![CDATA[]]></EventKey>
</xml>

2017-05-18 10:37:34 trace :
------------
String:
<xml><ToUserName><![CDATA[gh_82eadac870c2]]></ToUserName>
<FromUserName><![CDATA[oxPoUwlriY2Z3PueZjt5WhMKOBzA]]></FromUserName>
<CreateTime>1495075054</CreateTime>
<MsgType><![CDATA[event]]></MsgType>
<Event><![CDATA[VIEW]]></Event>
<EventKey><![CDATA[http://rrshop.3snack.com/app/index.php?i=3&c=entry&m=ewei_shopv2&do=mobile&r=commission]]></EventKey>
<MenuId>430846956</MenuId>
</xml>

2017-05-18 10:37:34 params :
------------
String:
array (
  'rule' => -2,
  'module' => '',
  'message' => 
  array (
    'tousername' => 'gh_82eadac870c2',
    'fromusername' => 'oxPoUwlriY2Z3PueZjt5WhMKOBzA',
    'createtime' => '1495075054',
    'msgtype' => 'event',
    'event' => 'VIEW',
    'eventkey' => 'http://rrshop.3snack.com/app/index.php?i=3&c=entry&m=ewei_shopv2&do=mobile&r=commission',
    'menuid' => '430846956',
    'from' => 'oxPoUwlriY2Z3PueZjt5WhMKOBzA',
    'to' => 'gh_82eadac870c2',
    'time' => '1495075054',
    'type' => 'text',
    'content' => 'http://rrshop.3snack.com/app/index.php?i=3&c=entry&m=ewei_shopv2&do=mobile&r=commission',
    'redirection' => true,
    'source' => 'VIEW',
  ),
)

2017-05-18 10:37:34 response :
------------

2017-05-18 10:42:08 trace :
------------
String:
<xml><ToUserName><![CDATA[gh_82eadac870c2]]></ToUserName>
<FromUserName><![CDATA[oxPoUwsVcZmfu49O6Z61ZpGgNf3U]]></FromUserName>
<CreateTime>1495075328</CreateTime>
<MsgType><![CDATA[event]]></MsgType>
<Event><![CDATA[VIEW]]></Event>
<EventKey><![CDATA[http://rrshop.3snack.com/app/index.php?i=3&c=entry&m=ewei_shopv2&do=mobile]]></EventKey>
<MenuId>430846956</MenuId>
</xml>

2017-05-18 10:42:08 params :
------------
String:
array (
  'rule' => -2,
  'module' => '',
  'message' => 
  array (
    'tousername' => 'gh_82eadac870c2',
    'fromusername' => 'oxPoUwsVcZmfu49O6Z61ZpGgNf3U',
    'createtime' => '1495075328',
    'msgtype' => 'event',
    'event' => 'VIEW',
    'eventkey' => 'http://rrshop.3snack.com/app/index.php?i=3&c=entry&m=ewei_shopv2&do=mobile',
    'menuid' => '430846956',
    'from' => 'oxPoUwsVcZmfu49O6Z61ZpGgNf3U',
    'to' => 'gh_82eadac870c2',
    'time' => '1495075328',
    'type' => 'text',
    'content' => 'http://rrshop.3snack.com/app/index.php?i=3&c=entry&m=ewei_shopv2&do=mobile',
    'redirection' => true,
    'source' => 'VIEW',
  ),
)

2017-05-18 10:42:08 response :
------------

2017-05-18 11:55:19 trace :
------------
String:
<xml><ToUserName><![CDATA[gh_82eadac870c2]]></ToUserName>
<FromUserName><![CDATA[oxPoUwlriY2Z3PueZjt5WhMKOBzA]]></FromUserName>
<CreateTime>1495079719</CreateTime>
<MsgType><![CDATA[event]]></MsgType>
<Event><![CDATA[VIEW]]></Event>
<EventKey><![CDATA[http://rrshop.3snack.com/app/index.php?i=3&c=entry&m=ewei_shopv2&do=mobile]]></EventKey>
<MenuId>430846956</MenuId>
</xml>

2017-05-18 11:55:19 params :
------------
String:
array (
  'rule' => -2,
  'module' => '',
  'message' => 
  array (
    'tousername' => 'gh_82eadac870c2',
    'fromusername' => 'oxPoUwlriY2Z3PueZjt5WhMKOBzA',
    'createtime' => '1495079719',
    'msgtype' => 'event',
    'event' => 'VIEW',
    'eventkey' => 'http://rrshop.3snack.com/app/index.php?i=3&c=entry&m=ewei_shopv2&do=mobile',
    'menuid' => '430846956',
    'from' => 'oxPoUwlriY2Z3PueZjt5WhMKOBzA',
    'to' => 'gh_82eadac870c2',
    'time' => '1495079719',
    'type' => 'text',
    'content' => 'http://rrshop.3snack.com/app/index.php?i=3&c=entry&m=ewei_shopv2&do=mobile',
    'redirection' => true,
    'source' => 'VIEW',
  ),
)

2017-05-18 11:55:19 response :
------------

2017-05-18 13:53:00 trace :
------------
String:
<xml><ToUserName><![CDATA[gh_82eadac870c2]]></ToUserName>
<FromUserName><![CDATA[oxPoUwlriY2Z3PueZjt5WhMKOBzA]]></FromUserName>
<CreateTime>1495086780</CreateTime>
<MsgType><![CDATA[event]]></MsgType>
<Event><![CDATA[VIEW]]></Event>
<EventKey><![CDATA[http://rrshop.3snack.com/app/index.php?i=3&c=mc&a=profile&]]></EventKey>
<MenuId>430846956</MenuId>
</xml>

2017-05-18 13:53:00 params :
------------
String:
array (
  'rule' => -2,
  'module' => '',
  'message' => 
  array (
    'tousername' => 'gh_82eadac870c2',
    'fromusername' => 'oxPoUwlriY2Z3PueZjt5WhMKOBzA',
    'createtime' => '1495086780',
    'msgtype' => 'event',
    'event' => 'VIEW',
    'eventkey' => 'http://rrshop.3snack.com/app/index.php?i=3&c=mc&a=profile&',
    'menuid' => '430846956',
    'from' => 'oxPoUwlriY2Z3PueZjt5WhMKOBzA',
    'to' => 'gh_82eadac870c2',
    'time' => '1495086780',
    'type' => 'text',
    'content' => 'http://rrshop.3snack.com/app/index.php?i=3&c=mc&a=profile&',
    'redirection' => true,
    'source' => 'VIEW',
  ),
)

2017-05-18 13:53:00 response :
------------

2017-05-18 13:53:09 trace :
------------
String:
<xml><ToUserName><![CDATA[gh_82eadac870c2]]></ToUserName>
<FromUserName><![CDATA[oxPoUwlriY2Z3PueZjt5WhMKOBzA]]></FromUserName>
<CreateTime>1495086789</CreateTime>
<MsgType><![CDATA[event]]></MsgType>
<Event><![CDATA[VIEW]]></Event>
<EventKey><![CDATA[http://rrshop.3snack.com/app/index.php?i=3&c=mc&a=profile&]]></EventKey>
<MenuId>430846956</MenuId>
</xml>

2017-05-18 13:53:09 params :
------------
String:
array (
  'rule' => -2,
  'module' => '',
  'message' => 
  array (
    'tousername' => 'gh_82eadac870c2',
    'fromusername' => 'oxPoUwlriY2Z3PueZjt5WhMKOBzA',
    'createtime' => '1495086789',
    'msgtype' => 'event',
    'event' => 'VIEW',
    'eventkey' => 'http://rrshop.3snack.com/app/index.php?i=3&c=mc&a=profile&',
    'menuid' => '430846956',
    'from' => 'oxPoUwlriY2Z3PueZjt5WhMKOBzA',
    'to' => 'gh_82eadac870c2',
    'time' => '1495086789',
    'type' => 'text',
    'content' => 'http://rrshop.3snack.com/app/index.php?i=3&c=mc&a=profile&',
    'redirection' => true,
    'source' => 'VIEW',
  ),
)

2017-05-18 13:53:09 response :
------------

2017-05-18 13:53:21 trace :
------------
String:
<xml><ToUserName><![CDATA[gh_82eadac870c2]]></ToUserName>
<FromUserName><![CDATA[oxPoUwlriY2Z3PueZjt5WhMKOBzA]]></FromUserName>
<CreateTime>1495086801</CreateTime>
<MsgType><![CDATA[event]]></MsgType>
<Event><![CDATA[VIEW]]></Event>
<EventKey><![CDATA[http://rrshop.3snack.com/app/index.php?i=3&c=entry&m=ewei_shopv2&do=mobile]]></EventKey>
<MenuId>430846956</MenuId>
</xml>

2017-05-18 13:53:21 params :
------------
String:
array (
  'rule' => -2,
  'module' => '',
  'message' => 
  array (
    'tousername' => 'gh_82eadac870c2',
    'fromusername' => 'oxPoUwlriY2Z3PueZjt5WhMKOBzA',
    'createtime' => '1495086801',
    'msgtype' => 'event',
    'event' => 'VIEW',
    'eventkey' => 'http://rrshop.3snack.com/app/index.php?i=3&c=entry&m=ewei_shopv2&do=mobile',
    'menuid' => '430846956',
    'from' => 'oxPoUwlriY2Z3PueZjt5WhMKOBzA',
    'to' => 'gh_82eadac870c2',
    'time' => '1495086801',
    'type' => 'text',
    'content' => 'http://rrshop.3snack.com/app/index.php?i=3&c=entry&m=ewei_shopv2&do=mobile',
    'redirection' => true,
    'source' => 'VIEW',
  ),
)

2017-05-18 13:53:21 response :
------------

2017-05-18 14:10:55 trace :
------------
String:
<xml><ToUserName><![CDATA[gh_82eadac870c2]]></ToUserName>
<FromUserName><![CDATA[oxPoUwlriY2Z3PueZjt5WhMKOBzA]]></FromUserName>
<CreateTime>1495087855</CreateTime>
<MsgType><![CDATA[event]]></MsgType>
<Event><![CDATA[VIEW]]></Event>
<EventKey><![CDATA[http://rrshop.3snack.com/app/index.php?i=3&c=entry&m=ewei_shopv2&do=mobile]]></EventKey>
<MenuId>430846956</MenuId>
</xml>

2017-05-18 14:10:55 params :
------------
String:
array (
  'rule' => -2,
  'module' => '',
  'message' => 
  array (
    'tousername' => 'gh_82eadac870c2',
    'fromusername' => 'oxPoUwlriY2Z3PueZjt5WhMKOBzA',
    'createtime' => '1495087855',
    'msgtype' => 'event',
    'event' => 'VIEW',
    'eventkey' => 'http://rrshop.3snack.com/app/index.php?i=3&c=entry&m=ewei_shopv2&do=mobile',
    'menuid' => '430846956',
    'from' => 'oxPoUwlriY2Z3PueZjt5WhMKOBzA',
    'to' => 'gh_82eadac870c2',
    'time' => '1495087855',
    'type' => 'text',
    'content' => 'http://rrshop.3snack.com/app/index.php?i=3&c=entry&m=ewei_shopv2&do=mobile',
    'redirection' => true,
    'source' => 'VIEW',
  ),
)

2017-05-18 14:10:55 response :
------------

2017-05-18 14:12:21 trace :
------------
String:
<xml><ToUserName><![CDATA[gh_82eadac870c2]]></ToUserName>
<FromUserName><![CDATA[oxPoUwlriY2Z3PueZjt5WhMKOBzA]]></FromUserName>
<CreateTime>1495087941</CreateTime>
<MsgType><![CDATA[event]]></MsgType>
<Event><![CDATA[VIEW]]></Event>
<EventKey><![CDATA[http://rrshop.3snack.com/app/index.php?i=3&c=entry&m=ewei_shopv2&do=mobile]]></EventKey>
<MenuId>430846956</MenuId>
</xml>

2017-05-18 14:12:21 params :
------------
String:
array (
  'rule' => -2,
  'module' => '',
  'message' => 
  array (
    'tousername' => 'gh_82eadac870c2',
    'fromusername' => 'oxPoUwlriY2Z3PueZjt5WhMKOBzA',
    'createtime' => '1495087941',
    'msgtype' => 'event',
    'event' => 'VIEW',
    'eventkey' => 'http://rrshop.3snack.com/app/index.php?i=3&c=entry&m=ewei_shopv2&do=mobile',
    'menuid' => '430846956',
    'from' => 'oxPoUwlriY2Z3PueZjt5WhMKOBzA',
    'to' => 'gh_82eadac870c2',
    'time' => '1495087941',
    'type' => 'text',
    'content' => 'http://rrshop.3snack.com/app/index.php?i=3&c=entry&m=ewei_shopv2&do=mobile',
    'redirection' => true,
    'source' => 'VIEW',
  ),
)

2017-05-18 14:12:21 response :
------------

2017-05-18 14:13:46 trace :
------------
String:
<xml><ToUserName><![CDATA[gh_82eadac870c2]]></ToUserName>
<FromUserName><![CDATA[oxPoUwlriY2Z3PueZjt5WhMKOBzA]]></FromUserName>
<CreateTime>1495088026</CreateTime>
<MsgType><![CDATA[event]]></MsgType>
<Event><![CDATA[VIEW]]></Event>
<EventKey><![CDATA[http://rrshop.3snack.com/app/index.php?i=3&c=entry&eid=2313]]></EventKey>
<MenuId>430846956</MenuId>
</xml>

2017-05-18 14:13:46 params :
------------
String:
array (
  'rule' => -2,
  'module' => '',
  'message' => 
  array (
    'tousername' => 'gh_82eadac870c2',
    'fromusername' => 'oxPoUwlriY2Z3PueZjt5WhMKOBzA',
    'createtime' => '1495088026',
    'msgtype' => 'event',
    'event' => 'VIEW',
    'eventkey' => 'http://rrshop.3snack.com/app/index.php?i=3&c=entry&eid=2313',
    'menuid' => '430846956',
    'from' => 'oxPoUwlriY2Z3PueZjt5WhMKOBzA',
    'to' => 'gh_82eadac870c2',
    'time' => '1495088026',
    'type' => 'text',
    'content' => 'http://rrshop.3snack.com/app/index.php?i=3&c=entry&eid=2313',
    'redirection' => true,
    'source' => 'VIEW',
  ),
)

2017-05-18 14:13:46 response :
------------

2017-05-18 14:37:24 trace :
------------
String:
<xml><ToUserName><![CDATA[gh_82eadac870c2]]></ToUserName>
<FromUserName><![CDATA[oxPoUwlriY2Z3PueZjt5WhMKOBzA]]></FromUserName>
<CreateTime>1495089444</CreateTime>
<MsgType><![CDATA[event]]></MsgType>
<Event><![CDATA[VIEW]]></Event>
<EventKey><![CDATA[http://rrshop.3snack.com/app/index.php?i=3&c=entry&m=ewei_shopv2&do=mobile]]></EventKey>
<MenuId>430846956</MenuId>
</xml>

2017-05-18 14:37:24 params :
------------
String:
array (
  'rule' => -2,
  'module' => '',
  'message' => 
  array (
    'tousername' => 'gh_82eadac870c2',
    'fromusername' => 'oxPoUwlriY2Z3PueZjt5WhMKOBzA',
    'createtime' => '1495089444',
    'msgtype' => 'event',
    'event' => 'VIEW',
    'eventkey' => 'http://rrshop.3snack.com/app/index.php?i=3&c=entry&m=ewei_shopv2&do=mobile',
    'menuid' => '430846956',
    'from' => 'oxPoUwlriY2Z3PueZjt5WhMKOBzA',
    'to' => 'gh_82eadac870c2',
    'time' => '1495089444',
    'type' => 'text',
    'content' => 'http://rrshop.3snack.com/app/index.php?i=3&c=entry&m=ewei_shopv2&do=mobile',
    'redirection' => true,
    'source' => 'VIEW',
  ),
)

2017-05-18 14:37:24 response :
------------

2017-05-18 14:37:33 trace :
------------
String:
<xml><ToUserName><![CDATA[gh_82eadac870c2]]></ToUserName>
<FromUserName><![CDATA[oxPoUwlriY2Z3PueZjt5WhMKOBzA]]></FromUserName>
<CreateTime>1495089453</CreateTime>
<MsgType><![CDATA[event]]></MsgType>
<Event><![CDATA[VIEW]]></Event>
<EventKey><![CDATA[http://rrshop.3snack.com/app/index.php?i=3&c=entry&m=ewei_shopv2&do=mobile]]></EventKey>
<MenuId>430846956</MenuId>
</xml>

2017-05-18 14:37:33 params :
------------
String:
array (
  'rule' => -2,
  'module' => '',
  'message' => 
  array (
    'tousername' => 'gh_82eadac870c2',
    'fromusername' => 'oxPoUwlriY2Z3PueZjt5WhMKOBzA',
    'createtime' => '1495089453',
    'msgtype' => 'event',
    'event' => 'VIEW',
    'eventkey' => 'http://rrshop.3snack.com/app/index.php?i=3&c=entry&m=ewei_shopv2&do=mobile',
    'menuid' => '430846956',
    'from' => 'oxPoUwlriY2Z3PueZjt5WhMKOBzA',
    'to' => 'gh_82eadac870c2',
    'time' => '1495089453',
    'type' => 'text',
    'content' => 'http://rrshop.3snack.com/app/index.php?i=3&c=entry&m=ewei_shopv2&do=mobile',
    'redirection' => true,
    'source' => 'VIEW',
  ),
)

2017-05-18 14:37:33 response :
------------

2017-05-18 15:30:35 trace :
------------
String:
<xml><ToUserName><![CDATA[gh_82eadac870c2]]></ToUserName>
<FromUserName><![CDATA[oxPoUwi6-3J9IkNnPBtdOqr3JwcE]]></FromUserName>
<CreateTime>1495092635</CreateTime>
<MsgType><![CDATA[event]]></MsgType>
<Event><![CDATA[VIEW]]></Event>
<EventKey><![CDATA[http://rrshop.3snack.com/app/index.php?i=3&c=entry&m=ewei_shopv2&do=mobile]]></EventKey>
<MenuId>430846956</MenuId>
</xml>

2017-05-18 15:30:35 params :
------------
String:
array (
  'rule' => -2,
  'module' => '',
  'message' => 
  array (
    'tousername' => 'gh_82eadac870c2',
    'fromusername' => 'oxPoUwi6-3J9IkNnPBtdOqr3JwcE',
    'createtime' => '1495092635',
    'msgtype' => 'event',
    'event' => 'VIEW',
    'eventkey' => 'http://rrshop.3snack.com/app/index.php?i=3&c=entry&m=ewei_shopv2&do=mobile',
    'menuid' => '430846956',
    'from' => 'oxPoUwi6-3J9IkNnPBtdOqr3JwcE',
    'to' => 'gh_82eadac870c2',
    'time' => '1495092635',
    'type' => 'text',
    'content' => 'http://rrshop.3snack.com/app/index.php?i=3&c=entry&m=ewei_shopv2&do=mobile',
    'redirection' => true,
    'source' => 'VIEW',
  ),
)

2017-05-18 15:30:35 response :
------------

2017-05-18 15:32:25 trace :
------------
String:
<xml><ToUserName><![CDATA[gh_82eadac870c2]]></ToUserName>
<FromUserName><![CDATA[oxPoUwlriY2Z3PueZjt5WhMKOBzA]]></FromUserName>
<CreateTime>1495092745</CreateTime>
<MsgType><![CDATA[event]]></MsgType>
<Event><![CDATA[VIEW]]></Event>
<EventKey><![CDATA[http://rrshop.3snack.com/app/index.php?i=3&c=entry&m=ewei_shopv2&do=mobile]]></EventKey>
<MenuId>430846956</MenuId>
</xml>

2017-05-18 15:32:25 params :
------------
String:
array (
  'rule' => -2,
  'module' => '',
  'message' => 
  array (
    'tousername' => 'gh_82eadac870c2',
    'fromusername' => 'oxPoUwlriY2Z3PueZjt5WhMKOBzA',
    'createtime' => '1495092745',
    'msgtype' => 'event',
    'event' => 'VIEW',
    'eventkey' => 'http://rrshop.3snack.com/app/index.php?i=3&c=entry&m=ewei_shopv2&do=mobile',
    'menuid' => '430846956',
    'from' => 'oxPoUwlriY2Z3PueZjt5WhMKOBzA',
    'to' => 'gh_82eadac870c2',
    'time' => '1495092745',
    'type' => 'text',
    'content' => 'http://rrshop.3snack.com/app/index.php?i=3&c=entry&m=ewei_shopv2&do=mobile',
    'redirection' => true,
    'source' => 'VIEW',
  ),
)

2017-05-18 15:32:25 response :
------------

2017-05-18 15:50:51 trace :
------------
String:
<xml><ToUserName><![CDATA[gh_82eadac870c2]]></ToUserName>
<FromUserName><![CDATA[oxPoUwlriY2Z3PueZjt5WhMKOBzA]]></FromUserName>
<CreateTime>1495093851</CreateTime>
<MsgType><![CDATA[event]]></MsgType>
<Event><![CDATA[VIEW]]></Event>
<EventKey><![CDATA[http://rrshop.3snack.com/app/index.php?i=3&c=entry&m=ewei_shopv2&do=mobile]]></EventKey>
<MenuId>430846956</MenuId>
</xml>

2017-05-18 15:50:51 params :
------------
String:
array (
  'rule' => -2,
  'module' => '',
  'message' => 
  array (
    'tousername' => 'gh_82eadac870c2',
    'fromusername' => 'oxPoUwlriY2Z3PueZjt5WhMKOBzA',
    'createtime' => '1495093851',
    'msgtype' => 'event',
    'event' => 'VIEW',
    'eventkey' => 'http://rrshop.3snack.com/app/index.php?i=3&c=entry&m=ewei_shopv2&do=mobile',
    'menuid' => '430846956',
    'from' => 'oxPoUwlriY2Z3PueZjt5WhMKOBzA',
    'to' => 'gh_82eadac870c2',
    'time' => '1495093851',
    'type' => 'text',
    'content' => 'http://rrshop.3snack.com/app/index.php?i=3&c=entry&m=ewei_shopv2&do=mobile',
    'redirection' => true,
    'source' => 'VIEW',
  ),
)

2017-05-18 15:50:51 response :
------------

2017-05-18 15:56:39 trace :
------------
String:
<xml><ToUserName><![CDATA[gh_82eadac870c2]]></ToUserName>
<FromUserName><![CDATA[oxPoUwlriY2Z3PueZjt5WhMKOBzA]]></FromUserName>
<CreateTime>1495094199</CreateTime>
<MsgType><![CDATA[event]]></MsgType>
<Event><![CDATA[VIEW]]></Event>
<EventKey><![CDATA[http://rrshop.3snack.com/app/index.php?i=3&c=entry&m=ewei_shopv2&do=mobile]]></EventKey>
<MenuId>430846956</MenuId>
</xml>

2017-05-18 15:56:39 params :
------------
String:
array (
  'rule' => -2,
  'module' => '',
  'message' => 
  array (
    'tousername' => 'gh_82eadac870c2',
    'fromusername' => 'oxPoUwlriY2Z3PueZjt5WhMKOBzA',
    'createtime' => '1495094199',
    'msgtype' => 'event',
    'event' => 'VIEW',
    'eventkey' => 'http://rrshop.3snack.com/app/index.php?i=3&c=entry&m=ewei_shopv2&do=mobile',
    'menuid' => '430846956',
    'from' => 'oxPoUwlriY2Z3PueZjt5WhMKOBzA',
    'to' => 'gh_82eadac870c2',
    'time' => '1495094199',
    'type' => 'text',
    'content' => 'http://rrshop.3snack.com/app/index.php?i=3&c=entry&m=ewei_shopv2&do=mobile',
    'redirection' => true,
    'source' => 'VIEW',
  ),
)

2017-05-18 15:56:39 response :
------------

2017-05-18 16:18:11 trace :
------------
String:
<xml><ToUserName><![CDATA[gh_82eadac870c2]]></ToUserName>
<FromUserName><![CDATA[oxPoUwlriY2Z3PueZjt5WhMKOBzA]]></FromUserName>
<CreateTime>1495095490</CreateTime>
<MsgType><![CDATA[event]]></MsgType>
<Event><![CDATA[VIEW]]></Event>
<EventKey><![CDATA[http://rrshop.3snack.com/app/index.php?i=3&c=entry&m=ewei_shopv2&do=mobile]]></EventKey>
<MenuId>430846956</MenuId>
</xml>

2017-05-18 16:18:11 params :
------------
String:
array (
  'rule' => -2,
  'module' => '',
  'message' => 
  array (
    'tousername' => 'gh_82eadac870c2',
    'fromusername' => 'oxPoUwlriY2Z3PueZjt5WhMKOBzA',
    'createtime' => '1495095490',
    'msgtype' => 'event',
    'event' => 'VIEW',
    'eventkey' => 'http://rrshop.3snack.com/app/index.php?i=3&c=entry&m=ewei_shopv2&do=mobile',
    'menuid' => '430846956',
    'from' => 'oxPoUwlriY2Z3PueZjt5WhMKOBzA',
    'to' => 'gh_82eadac870c2',
    'time' => '1495095490',
    'type' => 'text',
    'content' => 'http://rrshop.3snack.com/app/index.php?i=3&c=entry&m=ewei_shopv2&do=mobile',
    'redirection' => true,
    'source' => 'VIEW',
  ),
)

2017-05-18 16:18:11 response :
------------

2017-05-18 16:18:43 trace :
------------
String:
<xml><ToUserName><![CDATA[gh_82eadac870c2]]></ToUserName>
<FromUserName><![CDATA[oxPoUwlriY2Z3PueZjt5WhMKOBzA]]></FromUserName>
<CreateTime>1495095523</CreateTime>
<MsgType><![CDATA[event]]></MsgType>
<Event><![CDATA[VIEW]]></Event>
<EventKey><![CDATA[http://rrshop.3snack.com/app/index.php?i=3&c=entry&m=ewei_shopv2&do=mobile]]></EventKey>
<MenuId>430846956</MenuId>
</xml>

2017-05-18 16:18:43 params :
------------
String:
array (
  'rule' => -2,
  'module' => '',
  'message' => 
  array (
    'tousername' => 'gh_82eadac870c2',
    'fromusername' => 'oxPoUwlriY2Z3PueZjt5WhMKOBzA',
    'createtime' => '1495095523',
    'msgtype' => 'event',
    'event' => 'VIEW',
    'eventkey' => 'http://rrshop.3snack.com/app/index.php?i=3&c=entry&m=ewei_shopv2&do=mobile',
    'menuid' => '430846956',
    'from' => 'oxPoUwlriY2Z3PueZjt5WhMKOBzA',
    'to' => 'gh_82eadac870c2',
    'time' => '1495095523',
    'type' => 'text',
    'content' => 'http://rrshop.3snack.com/app/index.php?i=3&c=entry&m=ewei_shopv2&do=mobile',
    'redirection' => true,
    'source' => 'VIEW',
  ),
)

2017-05-18 16:18:43 response :
------------

2017-05-18 16:40:07 trace :
------------
String:
<xml><ToUserName><![CDATA[gh_82eadac870c2]]></ToUserName>
<FromUserName><![CDATA[oxPoUwlriY2Z3PueZjt5WhMKOBzA]]></FromUserName>
<CreateTime>1495096807</CreateTime>
<MsgType><![CDATA[event]]></MsgType>
<Event><![CDATA[VIEW]]></Event>
<EventKey><![CDATA[http://rrshop.3snack.com/app/index.php?i=3&c=entry&m=ewei_shopv2&do=mobile]]></EventKey>
<MenuId>430846956</MenuId>
</xml>

2017-05-18 16:40:07 params :
------------
String:
array (
  'rule' => -2,
  'module' => '',
  'message' => 
  array (
    'tousername' => 'gh_82eadac870c2',
    'fromusername' => 'oxPoUwlriY2Z3PueZjt5WhMKOBzA',
    'createtime' => '1495096807',
    'msgtype' => 'event',
    'event' => 'VIEW',
    'eventkey' => 'http://rrshop.3snack.com/app/index.php?i=3&c=entry&m=ewei_shopv2&do=mobile',
    'menuid' => '430846956',
    'from' => 'oxPoUwlriY2Z3PueZjt5WhMKOBzA',
    'to' => 'gh_82eadac870c2',
    'time' => '1495096807',
    'type' => 'text',
    'content' => 'http://rrshop.3snack.com/app/index.php?i=3&c=entry&m=ewei_shopv2&do=mobile',
    'redirection' => true,
    'source' => 'VIEW',
  ),
)

2017-05-18 16:40:07 response :
------------

2017-05-18 17:10:09 trace :
------------
String:
<xml><ToUserName><![CDATA[gh_82eadac870c2]]></ToUserName>
<FromUserName><![CDATA[oxPoUwlriY2Z3PueZjt5WhMKOBzA]]></FromUserName>
<CreateTime>1495098609</CreateTime>
<MsgType><![CDATA[event]]></MsgType>
<Event><![CDATA[VIEW]]></Event>
<EventKey><![CDATA[http://rrshop.3snack.com/app/index.php?i=3&c=entry&m=ewei_shopv2&do=mobile]]></EventKey>
<MenuId>430846956</MenuId>
</xml>

2017-05-18 17:10:09 params :
------------
String:
array (
  'rule' => -2,
  'module' => '',
  'message' => 
  array (
    'tousername' => 'gh_82eadac870c2',
    'fromusername' => 'oxPoUwlriY2Z3PueZjt5WhMKOBzA',
    'createtime' => '1495098609',
    'msgtype' => 'event',
    'event' => 'VIEW',
    'eventkey' => 'http://rrshop.3snack.com/app/index.php?i=3&c=entry&m=ewei_shopv2&do=mobile',
    'menuid' => '430846956',
    'from' => 'oxPoUwlriY2Z3PueZjt5WhMKOBzA',
    'to' => 'gh_82eadac870c2',
    'time' => '1495098609',
    'type' => 'text',
    'content' => 'http://rrshop.3snack.com/app/index.php?i=3&c=entry&m=ewei_shopv2&do=mobile',
    'redirection' => true,
    'source' => 'VIEW',
  ),
)

2017-05-18 17:10:09 response :
------------

2017-05-18 17:14:52 trace :
------------
String:
<xml><ToUserName><![CDATA[gh_82eadac870c2]]></ToUserName>
<FromUserName><![CDATA[oxPoUwlriY2Z3PueZjt5WhMKOBzA]]></FromUserName>
<CreateTime>1495098892</CreateTime>
<MsgType><![CDATA[event]]></MsgType>
<Event><![CDATA[VIEW]]></Event>
<EventKey><![CDATA[http://rrshop.3snack.com/app/index.php?i=3&c=entry&m=ewei_shopv2&do=mobile]]></EventKey>
<MenuId>430846956</MenuId>
</xml>

2017-05-18 17:14:52 params :
------------
String:
array (
  'rule' => -2,
  'module' => '',
  'message' => 
  array (
    'tousername' => 'gh_82eadac870c2',
    'fromusername' => 'oxPoUwlriY2Z3PueZjt5WhMKOBzA',
    'createtime' => '1495098892',
    'msgtype' => 'event',
    'event' => 'VIEW',
    'eventkey' => 'http://rrshop.3snack.com/app/index.php?i=3&c=entry&m=ewei_shopv2&do=mobile',
    'menuid' => '430846956',
    'from' => 'oxPoUwlriY2Z3PueZjt5WhMKOBzA',
    'to' => 'gh_82eadac870c2',
    'time' => '1495098892',
    'type' => 'text',
    'content' => 'http://rrshop.3snack.com/app/index.php?i=3&c=entry&m=ewei_shopv2&do=mobile',
    'redirection' => true,
    'source' => 'VIEW',
  ),
)

2017-05-18 17:14:52 response :
------------

2017-05-18 17:57:58 trace :
------------
String:
<xml><ToUserName><![CDATA[gh_82eadac870c2]]></ToUserName>
<FromUserName><![CDATA[oxPoUwlriY2Z3PueZjt5WhMKOBzA]]></FromUserName>
<CreateTime>1495101478</CreateTime>
<MsgType><![CDATA[event]]></MsgType>
<Event><![CDATA[VIEW]]></Event>
<EventKey><![CDATA[http://rrshop.3snack.com/app/index.php?i=3&c=entry&m=ewei_shopv2&do=mobile]]></EventKey>
<MenuId>430846956</MenuId>
</xml>

2017-05-18 17:57:58 params :
------------
String:
array (
  'rule' => -2,
  'module' => '',
  'message' => 
  array (
    'tousername' => 'gh_82eadac870c2',
    'fromusername' => 'oxPoUwlriY2Z3PueZjt5WhMKOBzA',
    'createtime' => '1495101478',
    'msgtype' => 'event',
    'event' => 'VIEW',
    'eventkey' => 'http://rrshop.3snack.com/app/index.php?i=3&c=entry&m=ewei_shopv2&do=mobile',
    'menuid' => '430846956',
    'from' => 'oxPoUwlriY2Z3PueZjt5WhMKOBzA',
    'to' => 'gh_82eadac870c2',
    'time' => '1495101478',
    'type' => 'text',
    'content' => 'http://rrshop.3snack.com/app/index.php?i=3&c=entry&m=ewei_shopv2&do=mobile',
    'redirection' => true,
    'source' => 'VIEW',
  ),
)

2017-05-18 17:57:58 response :
------------

2017-05-18 22:14:55 trace :
------------
String:
<xml><ToUserName><![CDATA[gh_82eadac870c2]]></ToUserName>
<FromUserName><![CDATA[oxPoUwlriY2Z3PueZjt5WhMKOBzA]]></FromUserName>
<CreateTime>1495116895</CreateTime>
<MsgType><![CDATA[event]]></MsgType>
<Event><![CDATA[VIEW]]></Event>
<EventKey><![CDATA[http://rrshop.3snack.com/app/index.php?i=3&c=mc&a=card&do=sign_display&]]></EventKey>
<MenuId>430846956</MenuId>
</xml>

2017-05-18 22:14:55 params :
------------
String:
array (
  'rule' => -2,
  'module' => '',
  'message' => 
  array (
    'tousername' => 'gh_82eadac870c2',
    'fromusername' => 'oxPoUwlriY2Z3PueZjt5WhMKOBzA',
    'createtime' => '1495116895',
    'msgtype' => 'event',
    'event' => 'VIEW',
    'eventkey' => 'http://rrshop.3snack.com/app/index.php?i=3&c=mc&a=card&do=sign_display&',
    'menuid' => '430846956',
    'from' => 'oxPoUwlriY2Z3PueZjt5WhMKOBzA',
    'to' => 'gh_82eadac870c2',
    'time' => '1495116895',
    'type' => 'text',
    'content' => 'http://rrshop.3snack.com/app/index.php?i=3&c=mc&a=card&do=sign_display&',
    'redirection' => true,
    'source' => 'VIEW',
  ),
)

2017-05-18 22:14:55 response :
------------

2017-05-18 23:22:19 trace :
------------
String:
<xml><ToUserName><![CDATA[gh_82eadac870c2]]></ToUserName>
<FromUserName><![CDATA[oxPoUwlriY2Z3PueZjt5WhMKOBzA]]></FromUserName>
<CreateTime>1495120939</CreateTime>
<MsgType><![CDATA[event]]></MsgType>
<Event><![CDATA[VIEW]]></Event>
<EventKey><![CDATA[http://rrshop.3snack.com/app/index.php?i=3&c=entry&m=ewei_shopv2&do=mobile]]></EventKey>
<MenuId>430846956</MenuId>
</xml>

2017-05-18 23:22:19 params :
------------
String:
array (
  'rule' => -2,
  'module' => '',
  'message' => 
  array (
    'tousername' => 'gh_82eadac870c2',
    'fromusername' => 'oxPoUwlriY2Z3PueZjt5WhMKOBzA',
    'createtime' => '1495120939',
    'msgtype' => 'event',
    'event' => 'VIEW',
    'eventkey' => 'http://rrshop.3snack.com/app/index.php?i=3&c=entry&m=ewei_shopv2&do=mobile',
    'menuid' => '430846956',
    'from' => 'oxPoUwlriY2Z3PueZjt5WhMKOBzA',
    'to' => 'gh_82eadac870c2',
    'time' => '1495120939',
    'type' => 'text',
    'content' => 'http://rrshop.3snack.com/app/index.php?i=3&c=entry&m=ewei_shopv2&do=mobile',
    'redirection' => true,
    'source' => 'VIEW',
  ),
)

2017-05-18 23:22:19 response :
------------

2017-05-18 23:25:46 trace :
------------
String:
<xml><ToUserName><![CDATA[gh_82eadac870c2]]></ToUserName>
<FromUserName><![CDATA[oxPoUwlriY2Z3PueZjt5WhMKOBzA]]></FromUserName>
<CreateTime>1495121146</CreateTime>
<MsgType><![CDATA[event]]></MsgType>
<Event><![CDATA[VIEW]]></Event>
<EventKey><![CDATA[http://rrshop.3snack.com/app/index.php?i=3&c=entry&m=ewei_shopv2&do=mobile]]></EventKey>
<MenuId>430846956</MenuId>
</xml>

2017-05-18 23:25:46 params :
------------
String:
array (
  'rule' => -2,
  'module' => '',
  'message' => 
  array (
    'tousername' => 'gh_82eadac870c2',
    'fromusername' => 'oxPoUwlriY2Z3PueZjt5WhMKOBzA',
    'createtime' => '1495121146',
    'msgtype' => 'event',
    'event' => 'VIEW',
    'eventkey' => 'http://rrshop.3snack.com/app/index.php?i=3&c=entry&m=ewei_shopv2&do=mobile',
    'menuid' => '430846956',
    'from' => 'oxPoUwlriY2Z3PueZjt5WhMKOBzA',
    'to' => 'gh_82eadac870c2',
    'time' => '1495121146',
    'type' => 'text',
    'content' => 'http://rrshop.3snack.com/app/index.php?i=3&c=entry&m=ewei_shopv2&do=mobile',
    'redirection' => true,
    'source' => 'VIEW',
  ),
)

2017-05-18 23:25:46 response :
------------

2017-05-18 23:32:02 trace :
------------
String:
<xml><ToUserName><![CDATA[gh_82eadac870c2]]></ToUserName>
<FromUserName><![CDATA[oxPoUwlriY2Z3PueZjt5WhMKOBzA]]></FromUserName>
<CreateTime>1495121522</CreateTime>
<MsgType><![CDATA[event]]></MsgType>
<Event><![CDATA[unsubscribe]]></Event>
<EventKey><![CDATA[]]></EventKey>
</xml>

