2017-05-15 09:59:26 trace :
------------
String:
<xml><ToUserName><![CDATA[gh_82eadac870c2]]></ToUserName>
<FromUserName><![CDATA[oxPoUwlriY2Z3PueZjt5WhMKOBzA]]></FromUserName>
<CreateTime>1494813566</CreateTime>
<MsgType><![CDATA[event]]></MsgType>
<Event><![CDATA[VIEW]]></Event>
<EventKey><![CDATA[http://rrshop.3snack.com/app/index.php?i=3&c=entry&m=ewei_shopv2&do=mobile]]></EventKey>
<MenuId>430768055</MenuId>
</xml>

2017-05-15 09:59:26 params :
------------
String:
array (
  'rule' => -2,
  'module' => '',
  'message' => 
  array (
    'tousername' => 'gh_82eadac870c2',
    'fromusername' => 'oxPoUwlriY2Z3PueZjt5WhMKOBzA',
    'createtime' => '1494813566',
    'msgtype' => 'event',
    'event' => 'VIEW',
    'eventkey' => 'http://rrshop.3snack.com/app/index.php?i=3&c=entry&m=ewei_shopv2&do=mobile',
    'menuid' => '430768055',
    'from' => 'oxPoUwlriY2Z3PueZjt5WhMKOBzA',
    'to' => 'gh_82eadac870c2',
    'time' => '1494813566',
    'type' => 'text',
    'content' => 'http://rrshop.3snack.com/app/index.php?i=3&c=entry&m=ewei_shopv2&do=mobile',
    'redirection' => true,
    'source' => 'VIEW',
  ),
)

2017-05-15 09:59:26 response :
------------

2017-05-15 10:05:20 trace :
------------
String:
<xml><ToUserName><![CDATA[gh_82eadac870c2]]></ToUserName>
<FromUserName><![CDATA[oxPoUwsVcZmfu49O6Z61ZpGgNf3U]]></FromUserName>
<CreateTime>1494813920</CreateTime>
<MsgType><![CDATA[event]]></MsgType>
<Event><![CDATA[VIEW]]></Event>
<EventKey><![CDATA[http://rrshop.3snack.com/app/index.php?i=3&c=entry&m=ewei_shopv2&do=mobile]]></EventKey>
<MenuId>430768055</MenuId>
</xml>

2017-05-15 10:05:20 params :
------------
String:
array (
  'rule' => -2,
  'module' => '',
  'message' => 
  array (
    'tousername' => 'gh_82eadac870c2',
    'fromusername' => 'oxPoUwsVcZmfu49O6Z61ZpGgNf3U',
    'createtime' => '1494813920',
    'msgtype' => 'event',
    'event' => 'VIEW',
    'eventkey' => 'http://rrshop.3snack.com/app/index.php?i=3&c=entry&m=ewei_shopv2&do=mobile',
    'menuid' => '430768055',
    'from' => 'oxPoUwsVcZmfu49O6Z61ZpGgNf3U',
    'to' => 'gh_82eadac870c2',
    'time' => '1494813920',
    'type' => 'text',
    'content' => 'http://rrshop.3snack.com/app/index.php?i=3&c=entry&m=ewei_shopv2&do=mobile',
    'redirection' => true,
    'source' => 'VIEW',
  ),
)

2017-05-15 10:05:20 response :
------------

2017-05-15 10:05:37 trace :
------------
String:
<xml><ToUserName><![CDATA[gh_82eadac870c2]]></ToUserName>
<FromUserName><![CDATA[oxPoUwndButv2eER8w15Lmz5pAVY]]></FromUserName>
<CreateTime>1494813937</CreateTime>
<MsgType><![CDATA[event]]></MsgType>
<Event><![CDATA[VIEW]]></Event>
<EventKey><![CDATA[http://rrshop.3snack.com/app/index.php?i=3&c=entry&m=ewei_shopv2&do=mobile]]></EventKey>
<MenuId>430768055</MenuId>
</xml>

2017-05-15 10:05:37 params :
------------
String:
array (
  'rule' => -2,
  'module' => '',
  'message' => 
  array (
    'tousername' => 'gh_82eadac870c2',
    'fromusername' => 'oxPoUwndButv2eER8w15Lmz5pAVY',
    'createtime' => '1494813937',
    'msgtype' => 'event',
    'event' => 'VIEW',
    'eventkey' => 'http://rrshop.3snack.com/app/index.php?i=3&c=entry&m=ewei_shopv2&do=mobile',
    'menuid' => '430768055',
    'from' => 'oxPoUwndButv2eER8w15Lmz5pAVY',
    'to' => 'gh_82eadac870c2',
    'time' => '1494813937',
    'type' => 'text',
    'content' => 'http://rrshop.3snack.com/app/index.php?i=3&c=entry&m=ewei_shopv2&do=mobile',
    'redirection' => true,
    'source' => 'VIEW',
  ),
)

2017-05-15 10:05:37 response :
------------

2017-05-15 11:14:51 trace :
------------
String:
<xml><ToUserName><![CDATA[gh_82eadac870c2]]></ToUserName>
<FromUserName><![CDATA[oxPoUwsVcZmfu49O6Z61ZpGgNf3U]]></FromUserName>
<CreateTime>1494818091</CreateTime>
<MsgType><![CDATA[event]]></MsgType>
<Event><![CDATA[VIEW]]></Event>
<EventKey><![CDATA[http://rrshop.3snack.com/app/index.php?i=3&c=entry&m=ewei_shopv2&do=mobile]]></EventKey>
<MenuId>430813624</MenuId>
</xml>

2017-05-15 11:14:51 params :
------------
String:
array (
  'rule' => -2,
  'module' => '',
  'message' => 
  array (
    'tousername' => 'gh_82eadac870c2',
    'fromusername' => 'oxPoUwsVcZmfu49O6Z61ZpGgNf3U',
    'createtime' => '1494818091',
    'msgtype' => 'event',
    'event' => 'VIEW',
    'eventkey' => 'http://rrshop.3snack.com/app/index.php?i=3&c=entry&m=ewei_shopv2&do=mobile',
    'menuid' => '430813624',
    'from' => 'oxPoUwsVcZmfu49O6Z61ZpGgNf3U',
    'to' => 'gh_82eadac870c2',
    'time' => '1494818091',
    'type' => 'text',
    'content' => 'http://rrshop.3snack.com/app/index.php?i=3&c=entry&m=ewei_shopv2&do=mobile',
    'redirection' => true,
    'source' => 'VIEW',
  ),
)

2017-05-15 11:14:51 response :
------------

2017-05-15 11:16:49 trace :
------------
String:
<xml><ToUserName><![CDATA[gh_82eadac870c2]]></ToUserName>
<FromUserName><![CDATA[oxPoUwsVcZmfu49O6Z61ZpGgNf3U]]></FromUserName>
<CreateTime>1494818209</CreateTime>
<MsgType><![CDATA[event]]></MsgType>
<Event><![CDATA[VIEW]]></Event>
<EventKey><![CDATA[http://rrshop.3snack.com/app/index.php?i=3&c=entry&m=ewei_shopv2&do=mobile]]></EventKey>
<MenuId>430813624</MenuId>
</xml>

2017-05-15 11:16:49 params :
------------
String:
array (
  'rule' => -2,
  'module' => '',
  'message' => 
  array (
    'tousername' => 'gh_82eadac870c2',
    'fromusername' => 'oxPoUwsVcZmfu49O6Z61ZpGgNf3U',
    'createtime' => '1494818209',
    'msgtype' => 'event',
    'event' => 'VIEW',
    'eventkey' => 'http://rrshop.3snack.com/app/index.php?i=3&c=entry&m=ewei_shopv2&do=mobile',
    'menuid' => '430813624',
    'from' => 'oxPoUwsVcZmfu49O6Z61ZpGgNf3U',
    'to' => 'gh_82eadac870c2',
    'time' => '1494818209',
    'type' => 'text',
    'content' => 'http://rrshop.3snack.com/app/index.php?i=3&c=entry&m=ewei_shopv2&do=mobile',
    'redirection' => true,
    'source' => 'VIEW',
  ),
)

2017-05-15 11:16:49 response :
------------

2017-05-15 11:46:19 trace :
------------
String:
<xml><ToUserName><![CDATA[gh_82eadac870c2]]></ToUserName>
<FromUserName><![CDATA[oxPoUwsVcZmfu49O6Z61ZpGgNf3U]]></FromUserName>
<CreateTime>1494819979</CreateTime>
<MsgType><![CDATA[event]]></MsgType>
<Event><![CDATA[VIEW]]></Event>
<EventKey><![CDATA[http://rrshop.3snack.com/app/index.php?i=3&c=entry&m=ewei_shopv2&do=mobile]]></EventKey>
<MenuId>430813624</MenuId>
</xml>

2017-05-15 11:46:19 params :
------------
String:
array (
  'rule' => -2,
  'module' => '',
  'message' => 
  array (
    'tousername' => 'gh_82eadac870c2',
    'fromusername' => 'oxPoUwsVcZmfu49O6Z61ZpGgNf3U',
    'createtime' => '1494819979',
    'msgtype' => 'event',
    'event' => 'VIEW',
    'eventkey' => 'http://rrshop.3snack.com/app/index.php?i=3&c=entry&m=ewei_shopv2&do=mobile',
    'menuid' => '430813624',
    'from' => 'oxPoUwsVcZmfu49O6Z61ZpGgNf3U',
    'to' => 'gh_82eadac870c2',
    'time' => '1494819979',
    'type' => 'text',
    'content' => 'http://rrshop.3snack.com/app/index.php?i=3&c=entry&m=ewei_shopv2&do=mobile',
    'redirection' => true,
    'source' => 'VIEW',
  ),
)

2017-05-15 11:46:19 response :
------------

